<?xml version="1.0" encoding="UTF-8"?>
<!-- Generated by org.testng.reporters.JUnitReportReporter -->
<testsuite skipped="0" hostname="EPBYMINW0C92" name="country.tests.TestCountryCodes" tests="5" failures="0" timestamp="29 Mar 2023 06:30:40 GMT" time="18.040" errors="0">
  <testcase name="verifyCountryBorders" time="1.668" classname="country.tests.TestCountryCodes"/>
  <testcase name="verifyCountryBorders" time="13.831" classname="country.tests.TestCountryCodes"/>
  <testcase name="verifyCountryInfo" time="0.834" classname="country.tests.TestCountryCodes"/>
  <testcase name="verifyCountryInfo" time="0.860" classname="country.tests.TestCountryCodes"/>
  <testcase name="verifyNonExistentCountryCode" time="0.847" classname="country.tests.TestCountryCodes"/>
</testsuite> <!-- country.tests.TestCountryCodes -->
